# JRE version: OpenJDK Runtime Environment GraalVM CE 22.3.0 (17.0.5+8) (build 17.0.5+8-jvmci-22.3-b08)
# Java VM: OpenJDK 64-Bit Server VM GraalVM CE 22.3.0 (17.0.5+8-jvmci-22.3-b08, mixed mode, sharing, tiered, jvmci, jvmci compiler, compressed oops, compressed class ptrs, parallel gc, linux-amd64)
GC Precious Log:
 CPUs: 8 total, 1 available
 Memory: 1024M
 Large Page Support: Disabled
 NUMA Support: Disabled
 Compressed Oops: Enabled (32-bit)
 Alignments: Space 512K, Generation 512K, Heap 2M
 Heap Min Capacity: 100M
 Heap Initial Capacity: 100M
 Heap Max Capacity: 512M
 Pre-touch: Disabled
 Parallel Workers: 1
Heap:
 PSYoungGen      total 31744K, used 22528K [0x00000000f5580000, 0x00000000f7f80000, 0x0000000100000000)
  eden space 22528K, 100% used [0x00000000f5580000,0x00000000f6b80000,0x00000000f6b80000)
  from space 9216K, 0% used [0x00000000f6b80000,0x00000000f6b80000,0x00000000f7480000)
  to   space 8192K, 0% used [0x00000000f7780000,0x00000000f7780000,0x00000000f7f80000)
 ParOldGen       total 349696K, used 349694K [0x00000000e0000000, 0x00000000f5580000, 0x00000000f5580000)
  object space 349696K, 99% used [0x00000000e0000000,0x00000000f557faf0,0x00000000f5580000)
 Metaspace       used 58017K, committed 58816K, reserved 1105920K
  class space    used 5731K, committed 6080K, reserved 1048576K
GC Heap History (20 events):
Event: 737.403 GC heap before
{Heap before GC invocations=620 (full 481):
 PSYoungGen      total 31744K, used 22527K [0x00000000f5580000, 0x00000000f7f80000, 0x0000000100000000)
  eden space 22528K, 99% used [0x00000000f5580000,0x00000000f6b7fff8,0x00000000f6b80000)
  from space 9216K, 0% used [0x00000000f6b80000,0x00000000f6b80000,0x00000000f7480000)
  to   space 8192K, 0% used [0x00000000f7780000,0x00000000f7780000,0x00000000f7f80000)
 ParOldGen       total 349696K, used 349691K [0x00000000e0000000, 0x00000000f5580000, 0x00000000f5580000)
  object space 349696K, 99% used [0x00000000e0000000,0x00000000f557ef90,0x00000000f5580000)
 Metaspace       used 58017K, committed 58816K, reserved 1105920K
  class space    used 5731K, committed 6080K, reserved 1048576K
}
Event: 738.900 GC heap after
{Heap after GC invocations=620 (full 481):
 PSYoungGen      total 30720K, used 22527K [0x00000000f5580000, 0x00000000f7f80000, 0x0000000100000000)
  eden space 22528K, 99% used [0x00000000f5580000,0x00000000f6b7ffc8,0x00000000f6b80000)
  from space 8192K, 0% used [0x00000000f7780000,0x00000000f7780000,0x00000000f7f80000)
  to   space 9216K, 0% used [0x00000000f6b80000,0x00000000f6b80000,0x00000000f7480000)
 ParOldGen       total 349696K, used 349688K [0x00000000e0000000, 0x00000000f5580000, 0x00000000f5580000)
  object space 349696K, 99% used [0x00000000e0000000,0x00000000f557e270,0x00000000f5580000)
 Metaspace       used 58017K, committed 58816K, reserved 1105920K
  class space    used 5731K, committed 6080K, reserved 1048576K
}
Event: 738.901 GC heap before
{Heap before GC invocations=621 (full 482):
 PSYoungGen      total 30720K, used 22527K [0x00000000f5580000, 0x00000000f7f80000, 0x0000000100000000)
  eden space 22528K, 99% used [0x00000000f5580000,0x00000000f6b7fff8,0x00000000f6b80000)
  from space 8192K, 0% used [0x00000000f7780000,0x00000000f7780000,0x00000000f7f80000)
  to   space 9216K, 0% used [0x00000000f6b80000,0x00000000f6b80000,0x00000000f7480000)
 ParOldGen       total 349696K, used 349688K [0x00000000e0000000, 0x00000000f5580000, 0x00000000f5580000)
  object space 349696K, 99% used [0x00000000e0000000,0x00000000f557e270,0x00000000f5580000)
 Metaspace       used 58017K, committed 58816K, reserved 1105920K
  class space    used 5731K, committed 6080K, reserved 1048576K
}
Event: 740.222 GC heap after
{Heap after GC invocations=621 (full 482):
 PSYoungGen      total 31744K, used 22527K [0x00000000f5580000, 0x00000000f7f80000, 0x0000000100000000)
  eden space 22528K, 99% used [0x00000000f5580000,0x00000000f6b7ffe0,0x00000000f6b80000)
  from space 9216K, 0% used [0x00000000f6b80000,0x00000000f6b80000,0x00000000f7480000)
  to   space 8192K, 0% used [0x00000000f7780000,0x00000000f7780000,0x00000000f7f80000)
 ParOldGen       total 349696K, used 349688K [0x00000000e0000000, 0x00000000f5580000, 0x00000000f5580000)
  object space 349696K, 99% used [0x00000000e0000000,0x00000000f557e270,0x00000000f5580000)
 Metaspace       used 58017K, committed 58816K, reserved 1105920K
  class space    used 5731K, committed 6080K, reserved 1048576K
}
Event: 740.223 GC heap before
{Heap before GC invocations=622 (full 483):
 PSYoungGen      total 31744K, used 22527K [0x00000000f5580000, 0x00000000f7f80000, 0x0000000100000000)
  eden space 22528K, 99% used [0x00000000f5580000,0x00000000f6b7fff8,0x00000000f6b80000)
  from space 9216K, 0% used [0x00000000f6b80000,0x00000000f6b80000,0x00000000f7480000)
  to   space 8192K, 0% used [0x00000000f7780000,0x00000000f7780000,0x00000000f7f80000)
 ParOldGen       total 349696K, used 349688K [0x00000000e0000000, 0x00000000f5580000, 0x00000000f5580000)
  object space 349696K, 99% used [0x00000000e0000000,0x00000000f557e270,0x00000000f5580000)
 Metaspace       used 58017K, committed 58816K, reserved 1105920K
  class space    used 5731K, committed 6080K, reserved 1048576K
}
Event: 741.625 GC heap after
{Heap after GC invocations=622 (full 483):
 PSYoungGen      total 30720K, used 22527K [0x00000000f5580000, 0x00000000f7f80000, 0x0000000100000000)
  eden space 22528K, 99% used [0x00000000f5580000,0x00000000f6b7fff8,0x00000000f6b80000)
  from space 8192K, 0% used [0x00000000f7780000,0x00000000f7780000,0x00000000f7f80000)
  to   space 9216K, 0% used [0x00000000f6b80000,0x00000000f6b80000,0x00000000f7480000)
 ParOldGen       total 349696K, used 349688K [0x00000000e0000000, 0x00000000f5580000, 0x00000000f5580000)
  object space 349696K, 99% used [0x00000000e0000000,0x00000000f557e270,0x00000000f5580000)
 Metaspace       used 58017K, committed 58816K, reserved 1105920K
  class space    used 5731K, committed 6080K, reserved 1048576K
}
Event: 741.626 GC heap before
{Heap before GC invocations=623 (full 484):
 PSYoungGen      total 30720K, used 22527K [0x00000000f5580000, 0x00000000f7f80000, 0x0000000100000000)
  eden space 22528K, 99% used [0x00000000f5580000,0x00000000f6b7fff8,0x00000000f6b80000)
  from space 8192K, 0% used [0x00000000f7780000,0x00000000f7780000,0x00000000f7f80000)
  to   space 9216K, 0% used [0x00000000f6b80000,0x00000000f6b80000,0x00000000f7480000)
 ParOldGen       total 349696K, used 349691K [0x00000000e0000000, 0x00000000f5580000, 0x00000000f5580000)
  object space 349696K, 99% used [0x00000000e0000000,0x00000000f557ec00,0x00000000f5580000)
 Metaspace       used 58017K, committed 58816K, reserved 1105920K
  class space    used 5731K, committed 6080K, reserved 1048576K
}
Event: 743.094 GC heap after
{Heap after GC invocations=623 (full 484):
 PSYoungGen      total 31744K, used 22527K [0x00000000f5580000, 0x00000000f7f80000, 0x0000000100000000)
  eden space 22528K, 99% used [0x00000000f5580000,0x00000000f6b7fe78,0x00000000f6b80000)
  from space 9216K, 0% used [0x00000000f6b80000,0x00000000f6b80000,0x00000000f7480000)
  to   space 8192K, 0% used [0x00000000f7780000,0x00000000f7780000,0x00000000f7f80000)
 ParOldGen       total 349696K, used 349690K [0x00000000e0000000, 0x00000000f5580000, 0x00000000f5580000)
  object space 349696K, 99% used [0x00000000e0000000,0x00000000f557e850,0x00000000f5580000)
 Metaspace       used 58017K, committed 58816K, reserved 1105920K
  class space    used 5731K, committed 6080K, reserved 1048576K
}
Event: 743.094 GC heap before
{Heap before GC invocations=624 (full 485):
 PSYoungGen      total 31744K, used 22527K [0x00000000f5580000, 0x00000000f7f80000, 0x0000000100000000)
  eden space 22528K, 99% used [0x00000000f5580000,0x00000000f6b7fff0,0x00000000f6b80000)
  from space 9216K, 0% used [0x00000000f6b80000,0x00000000f6b80000,0x00000000f7480000)
  to   space 8192K, 0% used [0x00000000f7780000,0x00000000f7780000,0x00000000f7f80000)
 ParOldGen       total 349696K, used 349690K [0x00000000e0000000, 0x00000000f5580000, 0x00000000f5580000)
  object space 349696K, 99% used [0x00000000e0000000,0x00000000f557e850,0x00000000f5580000)
 Metaspace       used 58017K, committed 58816K, reserved 1105920K
  class space    used 5731K, committed 6080K, reserved 1048576K
}
Event: 744.438 GC heap after
{Heap after GC invocations=624 (full 485):
 PSYoungGen      total 30720K, used 22527K [0x00000000f5580000, 0x00000000f7f80000, 0x0000000100000000)
  eden space 22528K, 99% used [0x00000000f5580000,0x00000000f6b7fff0,0x00000000f6b80000)
  from space 8192K, 0% used [0x00000000f7780000,0x00000000f7780000,0x00000000f7f80000)
  to   space 9216K, 0% used [0x00000000f6b80000,0x00000000f6b80000,0x00000000f7480000)
 ParOldGen       total 349696K, used 349690K [0x00000000e0000000, 0x00000000f5580000, 0x00000000f5580000)
  object space 349696K, 99% used [0x00000000e0000000,0x00000000f557e830,0x00000000f5580000)
 Metaspace       used 58017K, committed 58816K, reserved 1105920K
  class space    used 5731K, committed 6080K, reserved 1048576K
}
Event: 744.442 GC heap before
{Heap before GC invocations=625 (full 486):
 PSYoungGen      total 30720K, used 22528K [0x00000000f5580000, 0x00000000f7f80000, 0x0000000100000000)
  eden space 22528K, 100% used [0x00000000f5580000,0x00000000f6b80000,0x00000000f6b80000)
  from space 8192K, 0% used [0x00000000f7780000,0x00000000f7780000,0x00000000f7f80000)
  to   space 9216K, 0% used [0x00000000f6b80000,0x00000000f6b80000,0x00000000f7480000)
 ParOldGen       total 349696K, used 349694K [0x00000000e0000000, 0x00000000f5580000, 0x00000000f5580000)
  object space 349696K, 99% used [0x00000000e0000000,0x00000000f557f8b0,0x00000000f5580000)
 Metaspace       used 58017K, committed 58816K, reserved 1105920K
  class space    used 5731K, committed 6080K, reserved 1048576K
}
Event: 745.891 GC heap after
{Heap after GC invocations=625 (full 486):
 PSYoungGen      total 31744K, used 22527K [0x00000000f5580000, 0x00000000f7f80000, 0x0000000100000000)
  eden space 22528K, 99% used [0x00000000f5580000,0x00000000f6b7ff98,0x00000000f6b80000)
  from space 9216K, 0% used [0x00000000f6b80000,0x00000000f6b80000,0x00000000f7480000)
  to   space 8192K, 0% used [0x00000000f7780000,0x00000000f7780000,0x00000000f7f80000)
 ParOldGen       total 349696K, used 349693K [0x00000000e0000000, 0x00000000f5580000, 0x00000000f5580000)
  object space 349696K, 99% used [0x00000000e0000000,0x00000000f557f4d0,0x00000000f5580000)
 Metaspace       used 58017K, committed 58816K, reserved 1105920K
  class space    used 5731K, committed 6080K, reserved 1048576K
}
Event: 745.896 GC heap before
{Heap before GC invocations=626 (full 487):
 PSYoungGen      total 31744K, used 22527K [0x00000000f5580000, 0x00000000f7f80000, 0x0000000100000000)
  eden space 22528K, 99% used [0x00000000f5580000,0x00000000f6b7fff8,0x00000000f6b80000)
  from space 9216K, 0% used [0x00000000f6b80000,0x00000000f6b80000,0x00000000f7480000)
  to   space 8192K, 0% used [0x00000000f7780000,0x00000000f7780000,0x00000000f7f80000)
 ParOldGen       total 349696K, used 349695K [0x00000000e0000000, 0x00000000f5580000, 0x00000000f5580000)
  object space 349696K, 99% used [0x00000000e0000000,0x00000000f557fc00,0x00000000f5580000)
 Metaspace       used 58017K, committed 58816K, reserved 1105920K
  class space    used 5731K, committed 6080K, reserved 1048576K
}
Event: 747.500 GC heap after
{Heap after GC invocations=626 (full 487):
 PSYoungGen      total 30720K, used 22527K [0x00000000f5580000, 0x00000000f7f80000, 0x0000000100000000)
  eden space 22528K, 99% used [0x00000000f5580000,0x00000000f6b7ff98,0x00000000f6b80000)
  from space 8192K, 0% used [0x00000000f7780000,0x00000000f7780000,0x00000000f7f80000)
  to   space 9216K, 0% used [0x00000000f6b80000,0x00000000f6b80000,0x00000000f7480000)
 ParOldGen       total 349696K, used 349693K [0x00000000e0000000, 0x00000000f5580000, 0x00000000f5580000)
  object space 349696K, 99% used [0x00000000e0000000,0x00000000f557f7a0,0x00000000f5580000)
 Metaspace       used 58017K, committed 58816K, reserved 1105920K
  class space    used 5731K, committed 6080K, reserved 1048576K
}
Event: 747.500 GC heap before
{Heap before GC invocations=627 (full 488):
 PSYoungGen      total 30720K, used 22527K [0x00000000f5580000, 0x00000000f7f80000, 0x0000000100000000)
  eden space 22528K, 99% used [0x00000000f5580000,0x00000000f6b7ff98,0x00000000f6b80000)
  from space 8192K, 0% used [0x00000000f7780000,0x00000000f7780000,0x00000000f7f80000)
  to   space 9216K, 0% used [0x00000000f6b80000,0x00000000f6b80000,0x00000000f7480000)
 ParOldGen       total 349696K, used 349693K [0x00000000e0000000, 0x00000000f5580000, 0x00000000f5580000)
  object space 349696K, 99% used [0x00000000e0000000,0x00000000f557f7a0,0x00000000f5580000)
 Metaspace       used 58017K, committed 58816K, reserved 1105920K
  class space    used 5731K, committed 6080K, reserved 1048576K
}
Event: 748.906 GC heap after
{Heap after GC invocations=627 (full 488):
 PSYoungGen      total 31744K, used 22527K [0x00000000f5580000, 0x00000000f7f80000, 0x0000000100000000)
  eden space 22528K, 99% used [0x00000000f5580000,0x00000000f6b7ff98,0x00000000f6b80000)
  from space 9216K, 0% used [0x00000000f6b80000,0x00000000f6b80000,0x00000000f7480000)
  to   space 8192K, 0% used [0x00000000f7780000,0x00000000f7780000,0x00000000f7f80000)
 ParOldGen       total 349696K, used 349693K [0x00000000e0000000, 0x00000000f5580000, 0x00000000f5580000)
  object space 349696K, 99% used [0x00000000e0000000,0x00000000f557f7a0,0x00000000f5580000)
 Metaspace       used 58017K, committed 58816K, reserved 1105920K
  class space    used 5731K, committed 6080K, reserved 1048576K
}
Event: 748.910 GC heap before
{Heap before GC invocations=628 (full 489):
 PSYoungGen      total 31744K, used 22527K [0x00000000f5580000, 0x00000000f7f80000, 0x0000000100000000)
  eden space 22528K, 99% used [0x00000000f5580000,0x00000000f6b7ffe0,0x00000000f6b80000)
  from space 9216K, 0% used [0x00000000f6b80000,0x00000000f6b80000,0x00000000f7480000)
  to   space 8192K, 0% used [0x00000000f7780000,0x00000000f7780000,0x00000000f7f80000)
 ParOldGen       total 349696K, used 349694K [0x00000000e0000000, 0x00000000f5580000, 0x00000000f5580000)
  object space 349696K, 99% used [0x00000000e0000000,0x00000000f557f8b0,0x00000000f5580000)
 Metaspace       used 58017K, committed 58816K, reserved 1105920K
  class space    used 5731K, committed 6080K, reserved 1048576K
}
Event: 750.420 GC heap after
{Heap after GC invocations=628 (full 489):
 PSYoungGen      total 30720K, used 22527K [0x00000000f5580000, 0x00000000f7f80000, 0x0000000100000000)
  eden space 22528K, 99% used [0x00000000f5580000,0x00000000f6b7ff78,0x00000000f6b80000)
  from space 8192K, 0% used [0x00000000f7780000,0x00000000f7780000,0x00000000f7f80000)
  to   space 9216K, 0% used [0x00000000f6b80000,0x00000000f6b80000,0x00000000f7480000)
 ParOldGen       total 349696K, used 349694K [0x00000000e0000000, 0x00000000f5580000, 0x00000000f5580000)
  object space 349696K, 99% used [0x00000000e0000000,0x00000000f557f8b0,0x00000000f5580000)
 Metaspace       used 58017K, committed 58816K, reserved 1105920K
  class space    used 5731K, committed 6080K, reserved 1048576K
}
Event: 750.420 GC heap before
{Heap before GC invocations=629 (full 490):
 PSYoungGen      total 30720K, used 22527K [0x00000000f5580000, 0x00000000f7f80000, 0x0000000100000000)
  eden space 22528K, 99% used [0x00000000f5580000,0x00000000f6b7ff78,0x00000000f6b80000)
  from space 8192K, 0% used [0x00000000f7780000,0x00000000f7780000,0x00000000f7f80000)
  to   space 9216K, 0% used [0x00000000f6b80000,0x00000000f6b80000,0x00000000f7480000)
 ParOldGen       total 349696K, used 349694K [0x00000000e0000000, 0x00000000f5580000, 0x00000000f5580000)
  object space 349696K, 99% used [0x00000000e0000000,0x00000000f557f8b0,0x00000000f5580000)
 Metaspace       used 58017K, committed 58816K, reserved 1105920K
  class space    used 5731K, committed 6080K, reserved 1048576K
}
Event: 751.914 GC heap after
{Heap after GC invocations=629 (full 490):
 PSYoungGen      total 31744K, used 22527K [0x00000000f5580000, 0x00000000f7f80000, 0x0000000100000000)
  eden space 22528K, 99% used [0x00000000f5580000,0x00000000f6b7ff78,0x00000000f6b80000)
  from space 9216K, 0% used [0x00000000f6b80000,0x00000000f6b80000,0x00000000f7480000)
  to   space 8192K, 0% used [0x00000000f7780000,0x00000000f7780000,0x00000000f7f80000)
 ParOldGen       total 349696K, used 349694K [0x00000000e0000000, 0x00000000f5580000, 0x00000000f5580000)
  object space 349696K, 99% used [0x00000000e0000000,0x00000000f557f8b0,0x00000000f5580000)
 Metaspace       used 58017K, committed 58816K, reserved 1105920K
  class space    used 5731K, committed 6080K, reserved 1048576K
}

